<?xml version="1.0" encoding="UTF-8"?>
<!-- Generated by org.testng.reporters.JUnitReportReporter -->
<testsuite skipped="0" hostname="L-101393-27July" name="CucumberFramework.AppTest" tests="1" failures="0" timestamp="2022-10-05T01:07:04 IST" time="0.009" errors="0">
  <testcase name="testApp" time="0.009" classname="CucumberFramework.AppTest"/>
  <system-out/>
</testsuite> <!-- CucumberFramework.AppTest -->
